[debug] [2022-05-20T01:01:10.331Z] ----------------------------------------------------------------------
[debug] [2022-05-20T01:01:10.333Z] Command:       C:\Program Files\nodejs\node.exe C:\Users\ugurp\AppData\Roaming\npm\node_modules\firebase-tools\lib\bin\firebase.js init
[debug] [2022-05-20T01:01:10.334Z] CLI Version:   11.0.0
[debug] [2022-05-20T01:01:10.334Z] Platform:      win32
[debug] [2022-05-20T01:01:10.335Z] Node Version:  v16.13.1
[debug] [2022-05-20T01:01:10.337Z] Time:          Thu May 19 2022 21:01:10 GMT-0400 (Eastern Daylight Time)
[debug] [2022-05-20T01:01:10.339Z] ----------------------------------------------------------------------
[debug] 
[debug] [2022-05-20T01:01:10.355Z] > command requires scopes: ["email","openid","https://www.googleapis.com/auth/cloudplatformprojects.readonly","https://www.googleapis.com/auth/firebase","https://www.googleapis.com/auth/cloud-platform"]
[debug] [2022-05-20T01:01:10.361Z] > authorizing via signed-in user (ugurpekunsal@gmail.com)
[info] 
     ######## #### ########  ######## ########     ###     ######  ########
     ##        ##  ##     ## ##       ##     ##  ##   ##  ##       ##
     ######    ##  ########  ######   ########  #########  ######  ######
     ##        ##  ##    ##  ##       ##     ## ##     ##       ## ##
     ##       #### ##     ## ######## ########  ##     ##  ######  ########

You're about to initialize a Firebase project in this directory:

  D:\Git\barcinmusic

[info] 
=== Project Setup
[info] 
[info] First, let's associate this project directory with a Firebase project.
[info] You can create multiple project aliases by running firebase use --add, 
[info] but for now we'll just set up a default project.
[info] 
[debug] [2022-05-20T01:02:14.297Z] >>> [apiv2][query] GET https://firebase.googleapis.com/v1beta1/availableProjects pageSize=100
[debug] [2022-05-20T01:02:14.848Z] <<< [apiv2][status] GET https://firebase.googleapis.com/v1beta1/availableProjects 200
[debug] [2022-05-20T01:02:14.849Z] <<< [apiv2][body] GET https://firebase.googleapis.com/v1beta1/availableProjects [omitted]
[debug] [2022-05-20T01:02:19.158Z] > refreshing access token with scopes: ["email","https://www.googleapis.com/auth/cloud-platform","https://www.googleapis.com/auth/cloudplatformprojects.readonly","https://www.googleapis.com/auth/firebase","openid"]
[debug] [2022-05-20T01:02:19.159Z] >>> HTTP REQUEST POST https://www.googleapis.com/oauth2/v3/token  
 <request body omitted>
[debug] [2022-05-20T01:02:19.328Z] <<< HTTP RESPONSE 200 {"date":"Fri, 20 May 2022 01:02:18 GMT","expires":"Mon, 01 Jan 1990 00:00:00 GMT","pragma":"no-cache","cache-control":"no-cache, no-store, max-age=0, must-revalidate","content-type":"application/json; charset=utf-8","vary":"X-Origin, Referer, Origin,Accept-Encoding","server":"scaffolding on HTTPServer2","x-xss-protection":"0","x-frame-options":"SAMEORIGIN","x-content-type-options":"nosniff","alt-svc":"h3=\":443\"; ma=2592000,h3-29=\":443\"; ma=2592000,h3-Q050=\":443\"; ma=2592000,h3-Q046=\":443\"; ma=2592000,h3-Q043=\":443\"; ma=2592000,quic=\":443\"; ma=2592000; v=\"46,43\"","accept-ranges":"none","transfer-encoding":"chunked"}
[debug] [2022-05-20T01:02:19.341Z] >>> HTTP REQUEST POST https://firebase.googleapis.com/v1beta1/projects/delta-compass-151816:addFirebase  
 
[debug] [2022-05-20T01:02:20.752Z] <<< HTTP RESPONSE 200 {"content-type":"application/json; charset=UTF-8","vary":"X-Origin, Referer, Origin,Accept-Encoding","date":"Fri, 20 May 2022 01:02:19 GMT","server":"ESF","cache-control":"private","x-xss-protection":"0","x-frame-options":"SAMEORIGIN","x-content-type-options":"nosniff","alt-svc":"h3=\":443\"; ma=2592000,h3-29=\":443\"; ma=2592000,h3-Q050=\":443\"; ma=2592000,h3-Q046=\":443\"; ma=2592000,h3-Q043=\":443\"; ma=2592000,quic=\":443\"; ma=2592000; v=\"46,43\"","accept-ranges":"none","transfer-encoding":"chunked"}
[debug] [2022-05-20T01:02:20.753Z] > refreshing access token with scopes: []
[debug] [2022-05-20T01:02:20.753Z] >>> HTTP REQUEST POST https://www.googleapis.com/oauth2/v3/token  
 <request body omitted>
[debug] [2022-05-20T01:02:20.893Z] <<< HTTP RESPONSE 200 {"pragma":"no-cache","date":"Fri, 20 May 2022 01:02:19 GMT","cache-control":"no-cache, no-store, max-age=0, must-revalidate","expires":"Mon, 01 Jan 1990 00:00:00 GMT","content-type":"application/json; charset=utf-8","vary":"X-Origin, Referer, Origin,Accept-Encoding","server":"scaffolding on HTTPServer2","x-xss-protection":"0","x-frame-options":"SAMEORIGIN","x-content-type-options":"nosniff","alt-svc":"h3=\":443\"; ma=2592000,h3-29=\":443\"; ma=2592000,h3-Q050=\":443\"; ma=2592000,h3-Q046=\":443\"; ma=2592000,h3-Q043=\":443\"; ma=2592000,quic=\":443\"; ma=2592000; v=\"46,43\"","accept-ranges":"none","transfer-encoding":"chunked"}
[debug] [2022-05-20T01:02:20.905Z] >>> [apiv2][query] GET https://firebase.googleapis.com/v1beta1/operations/workflows/OTljZDkyNzYtNmUyZC00MjBiLWE5OTctYmY5NDBiOTIxNTA5 [none]
[debug] [2022-05-20T01:02:21.266Z] <<< [apiv2][status] GET https://firebase.googleapis.com/v1beta1/operations/workflows/OTljZDkyNzYtNmUyZC00MjBiLWE5OTctYmY5NDBiOTIxNTA5 200
[debug] [2022-05-20T01:02:21.267Z] <<< [apiv2][body] GET https://firebase.googleapis.com/v1beta1/operations/workflows/OTljZDkyNzYtNmUyZC00MjBiLWE5OTctYmY5NDBiOTIxNTA5 {"name":"operations/workflows/OTljZDkyNzYtNmUyZC00MjBiLWE5OTctYmY5NDBiOTIxNTA5"}
[debug] [2022-05-20T01:02:21.772Z] [Add Firebase Poller] Retrying task index 0
[debug] [2022-05-20T01:02:21.773Z] >>> [apiv2][query] GET https://firebase.googleapis.com/v1beta1/operations/workflows/OTljZDkyNzYtNmUyZC00MjBiLWE5OTctYmY5NDBiOTIxNTA5 [none]
[debug] [2022-05-20T01:02:22.139Z] <<< [apiv2][status] GET https://firebase.googleapis.com/v1beta1/operations/workflows/OTljZDkyNzYtNmUyZC00MjBiLWE5OTctYmY5NDBiOTIxNTA5 200
[debug] [2022-05-20T01:02:22.139Z] <<< [apiv2][body] GET https://firebase.googleapis.com/v1beta1/operations/workflows/OTljZDkyNzYtNmUyZC00MjBiLWE5OTctYmY5NDBiOTIxNTA5 {"name":"operations/workflows/OTljZDkyNzYtNmUyZC00MjBiLWE5OTctYmY5NDBiOTIxNTA5"}
[debug] [2022-05-20T01:02:23.144Z] [Add Firebase Poller] Retrying task index 0
[debug] [2022-05-20T01:02:23.145Z] >>> [apiv2][query] GET https://firebase.googleapis.com/v1beta1/operations/workflows/OTljZDkyNzYtNmUyZC00MjBiLWE5OTctYmY5NDBiOTIxNTA5 [none]
[debug] [2022-05-20T01:02:23.420Z] <<< [apiv2][status] GET https://firebase.googleapis.com/v1beta1/operations/workflows/OTljZDkyNzYtNmUyZC00MjBiLWE5OTctYmY5NDBiOTIxNTA5 200
[debug] [2022-05-20T01:02:23.420Z] <<< [apiv2][body] GET https://firebase.googleapis.com/v1beta1/operations/workflows/OTljZDkyNzYtNmUyZC00MjBiLWE5OTctYmY5NDBiOTIxNTA5 {"name":"operations/workflows/OTljZDkyNzYtNmUyZC00MjBiLWE5OTctYmY5NDBiOTIxNTA5"}
[debug] [2022-05-20T01:02:25.420Z] [Add Firebase Poller] Retrying task index 0
[debug] [2022-05-20T01:02:25.421Z] >>> [apiv2][query] GET https://firebase.googleapis.com/v1beta1/operations/workflows/OTljZDkyNzYtNmUyZC00MjBiLWE5OTctYmY5NDBiOTIxNTA5 [none]
[debug] [2022-05-20T01:02:25.794Z] <<< [apiv2][status] GET https://firebase.googleapis.com/v1beta1/operations/workflows/OTljZDkyNzYtNmUyZC00MjBiLWE5OTctYmY5NDBiOTIxNTA5 200
[debug] [2022-05-20T01:02:25.794Z] <<< [apiv2][body] GET https://firebase.googleapis.com/v1beta1/operations/workflows/OTljZDkyNzYtNmUyZC00MjBiLWE5OTctYmY5NDBiOTIxNTA5 {"name":"operations/workflows/OTljZDkyNzYtNmUyZC00MjBiLWE5OTctYmY5NDBiOTIxNTA5"}
[debug] [2022-05-20T01:02:29.795Z] [Add Firebase Poller] Retrying task index 0
[debug] [2022-05-20T01:02:29.795Z] >>> [apiv2][query] GET https://firebase.googleapis.com/v1beta1/operations/workflows/OTljZDkyNzYtNmUyZC00MjBiLWE5OTctYmY5NDBiOTIxNTA5 [none]
[debug] [2022-05-20T01:02:30.060Z] <<< [apiv2][status] GET https://firebase.googleapis.com/v1beta1/operations/workflows/OTljZDkyNzYtNmUyZC00MjBiLWE5OTctYmY5NDBiOTIxNTA5 200
[debug] [2022-05-20T01:02:30.060Z] <<< [apiv2][body] GET https://firebase.googleapis.com/v1beta1/operations/workflows/OTljZDkyNzYtNmUyZC00MjBiLWE5OTctYmY5NDBiOTIxNTA5 {"name":"operations/workflows/OTljZDkyNzYtNmUyZC00MjBiLWE5OTctYmY5NDBiOTIxNTA5","done":true,"response":{"@type":"type.googleapis.com/google.firebase.service.v1beta1.FirebaseProject","projectId":"delta-compass-151816","projectNumber":"552225870303","displayName":"PEKUNSAL","name":"projects/delta-compass-151816","resources":{"hostingSite":"delta-compass-151816"}}}
[info] 
[info] === Your Firebase project is ready! ===
[info] 
[info] Project information:
[info]    - Project ID: delta-compass-151816
[info]    - Project Name: PEKUNSAL
[info] 
[info] Firebase console is available at
[info] https://console.firebase.google.com/project/delta-compass-151816/overview
[info] i  Using project delta-compass-151816 (PEKUNSAL) 
[info] 
=== Hosting Setup
[info] 
[info] Your public directory is the folder (relative to your project directory) that
[info] will contain Hosting assets to be uploaded with firebase deploy. If you
[info] have a build process for your assets, use your build's output directory.
[info] 
[debug] [2022-05-20T01:03:18.749Z] >>> [apiv2][query] GET https://www.gstatic.com/firebasejs/releases.json [none]
[debug] [2022-05-20T01:03:18.889Z] <<< [apiv2][status] GET https://www.gstatic.com/firebasejs/releases.json 200
[debug] [2022-05-20T01:03:18.889Z] <<< [apiv2][body] GET https://www.gstatic.com/firebasejs/releases.json {"current":{"version":"9.8.1","browserURL":"https://www.gstatic.com/firebasejs/9.8.1/firebase.js","packageURL":"https://www.gstatic.com/firebasejs/9.8.1/firebase.tgz"},"live":{"version":"9.8","browserURL":"https://www.gstatic.com/firebasejs/live/9.8/firebase.js","packageURL":"https://www.gstatic.com/firebasejs/live/9.8/firebase.tgz"},"components":{"analytics":"https://www.gstatic.com/firebasejs/9.8.1/firebase-analytics.js","app":"https://www.gstatic.com/firebasejs/9.8.1/firebase-app.js","app-check":"https://www.gstatic.com/firebasejs/9.8.1/firebase-app-check.js","auth":"https://www.gstatic.com/firebasejs/9.8.1/firebase-auth.js","auth/cordova":"https://www.gstatic.com/firebasejs/9.8.1/firebase-auth/cordova.js","auth/react-native":"https://www.gstatic.com/firebasejs/9.8.1/firebase-auth/react-native.js","functions":"https://www.gstatic.com/firebasejs/9.8.1/firebase-functions.js","firestore":"https://www.gstatic.com/firebasejs/9.8.1/firebase-firestore.js","firestore/lite":"https://www.gstatic.com/firebasejs/9.8.1/firebase-firestore/lite.js","storage":"https://www.gstatic.com/firebasejs/9.8.1/firebase-storage.js","performance":"https://www.gstatic.com/firebasejs/9.8.1/firebase-performance.js","remote-config":"https://www.gstatic.com/firebasejs/9.8.1/firebase-remote-config.js","messaging":"https://www.gstatic.com/firebasejs/9.8.1/firebase-messaging.js","messaging/sw":"https://www.gstatic.com/firebasejs/9.8.1/firebase-messaging/sw.js","database":"https://www.gstatic.com/firebasejs/9.8.1/firebase-database.js","firestore.memory":"https://www.gstatic.com/firebasejs/9.8.1/firebase-firestore.memory.js"}}
[info] +  Wrote public/index.html 
[info] 
[info] i  Detected a .git folder at D:\Git\barcinmusic 
[info] i  Authorizing with GitHub to upload your service account to a GitHub repository's secrets store. 
[info] 
[info] Visit this URL on this device to log in:
[info] https://github.com/login/oauth/authorize?client_id=89cf50f02ac6aaed3484&state=581939929&redirect_uri=http%3A%2F%2Flocalhost%3A9005&scope=read%3Auser%20repo%20public_repo
[info] 
[info] Waiting for authentication...
[debug] [2022-05-20T01:03:32.014Z] ----------------------------------------------------------------------
[debug] [2022-05-20T01:03:32.016Z] Command:       C:\Program Files\nodejs\node.exe C:\Users\ugurp\AppData\Roaming\npm\node_modules\firebase-tools\lib\bin\firebase.js init
[debug] [2022-05-20T01:03:32.017Z] CLI Version:   11.0.0
[debug] [2022-05-20T01:03:32.017Z] Platform:      win32
[debug] [2022-05-20T01:03:32.017Z] Node Version:  v16.13.1
[debug] [2022-05-20T01:03:32.018Z] Time:          Thu May 19 2022 21:03:32 GMT-0400 (Eastern Daylight Time)
[debug] [2022-05-20T01:03:32.018Z] ----------------------------------------------------------------------
[debug] 
[debug] [2022-05-20T01:03:32.027Z] > command requires scopes: ["email","openid","https://www.googleapis.com/auth/cloudplatformprojects.readonly","https://www.googleapis.com/auth/firebase","https://www.googleapis.com/auth/cloud-platform"]
[debug] [2022-05-20T01:03:32.027Z] > authorizing via signed-in user (ugurpekunsal@gmail.com)
[info] 
     ######## #### ########  ######## ########     ###     ######  ########
     ##        ##  ##     ## ##       ##     ##  ##   ##  ##       ##
     ######    ##  ########  ######   ########  #########  ######  ######
     ##        ##  ##    ##  ##       ##     ## ##     ##       ## ##
     ##       #### ##     ## ######## ########  ##     ##  ######  ########

You're about to initialize a Firebase project in this directory:

  D:\Git\barcinmusic

[info] 
=== Project Setup
[info] 
[info] First, let's associate this project directory with a Firebase project.
[info] You can create multiple project aliases by running firebase use --add, 
[info] but for now we'll just set up a default project.
[info] 
[debug] [2022-05-20T01:03:41.920Z] >>> [apiv2][query] GET https://firebase.googleapis.com/v1beta1/projects pageSize=100
[debug] [2022-05-20T01:03:42.311Z] <<< [apiv2][status] GET https://firebase.googleapis.com/v1beta1/projects 200
[debug] [2022-05-20T01:03:42.311Z] <<< [apiv2][body] GET https://firebase.googleapis.com/v1beta1/projects [omitted]
[info] i  Using project pknsl-clients (PKNSL Website Clients) 
[info] 
=== Hosting Setup
[info] 
[info] Your public directory is the folder (relative to your project directory) that
[info] will contain Hosting assets to be uploaded with firebase deploy. If you
[info] have a build process for your assets, use your build's output directory.
[info] 
[debug] [2022-05-20T01:05:08.242Z] >>> [apiv2][query] GET https://www.gstatic.com/firebasejs/releases.json [none]
[debug] [2022-05-20T01:05:08.318Z] <<< [apiv2][status] GET https://www.gstatic.com/firebasejs/releases.json 200
[debug] [2022-05-20T01:05:08.318Z] <<< [apiv2][body] GET https://www.gstatic.com/firebasejs/releases.json {"current":{"version":"9.8.1","browserURL":"https://www.gstatic.com/firebasejs/9.8.1/firebase.js","packageURL":"https://www.gstatic.com/firebasejs/9.8.1/firebase.tgz"},"live":{"version":"9.8","browserURL":"https://www.gstatic.com/firebasejs/live/9.8/firebase.js","packageURL":"https://www.gstatic.com/firebasejs/live/9.8/firebase.tgz"},"components":{"analytics":"https://www.gstatic.com/firebasejs/9.8.1/firebase-analytics.js","app":"https://www.gstatic.com/firebasejs/9.8.1/firebase-app.js","app-check":"https://www.gstatic.com/firebasejs/9.8.1/firebase-app-check.js","auth":"https://www.gstatic.com/firebasejs/9.8.1/firebase-auth.js","auth/cordova":"https://www.gstatic.com/firebasejs/9.8.1/firebase-auth/cordova.js","auth/react-native":"https://www.gstatic.com/firebasejs/9.8.1/firebase-auth/react-native.js","functions":"https://www.gstatic.com/firebasejs/9.8.1/firebase-functions.js","firestore":"https://www.gstatic.com/firebasejs/9.8.1/firebase-firestore.js","firestore/lite":"https://www.gstatic.com/firebasejs/9.8.1/firebase-firestore/lite.js","storage":"https://www.gstatic.com/firebasejs/9.8.1/firebase-storage.js","performance":"https://www.gstatic.com/firebasejs/9.8.1/firebase-performance.js","remote-config":"https://www.gstatic.com/firebasejs/9.8.1/firebase-remote-config.js","messaging":"https://www.gstatic.com/firebasejs/9.8.1/firebase-messaging.js","messaging/sw":"https://www.gstatic.com/firebasejs/9.8.1/firebase-messaging/sw.js","database":"https://www.gstatic.com/firebasejs/9.8.1/firebase-database.js","firestore.memory":"https://www.gstatic.com/firebasejs/9.8.1/firebase-firestore.memory.js"}}
[info] i  Skipping write of public/index.html 
[info] 
[info] i  Detected a .git folder at D:\Git\barcinmusic 
[info] i  Authorizing with GitHub to upload your service account to a GitHub repository's secrets store. 
[info] 
[info] Visit this URL on this device to log in:
[info] https://github.com/login/oauth/authorize?client_id=89cf50f02ac6aaed3484&state=58518806&redirect_uri=http%3A%2F%2Flocalhost%3A9005&scope=read%3Auser%20repo%20public_repo
[info] 
[info] Waiting for authentication...
[debug] [2022-05-20T01:05:17.677Z] >>> HTTP REQUEST POST https://github.com/login/oauth/access_token  
 {"client_id":"89cf50f02ac6aaed3484","client_secret":"3330d14abc895d9a74d5f17cd7a00711fa2c5bf0","code":"25dacad9f83e1fd7126f","redirect_uri":"http://localhost:9005","state":"58518806"}
[debug] [2022-05-20T01:05:17.937Z] <<< HTTP RESPONSE 200 {"server":"GitHub.com","date":"Fri, 20 May 2022 01:05:16 GMT","content-type":"application/json; charset=utf-8","transfer-encoding":"chunked","vary":"X-PJAX, X-PJAX-Container, Turbo-Visit, Turbo-Frame, Accept-Encoding, Accept, X-Requested-With","permissions-policy":"interest-cohort=()","etag":"W/\"3cdd152451fe932dedea444a7f51fb2b\"","cache-control":"max-age=0, private, must-revalidate","strict-transport-security":"max-age=31536000; includeSubdomains; preload","x-frame-options":"deny","x-content-type-options":"nosniff","x-xss-protection":"0","referrer-policy":"origin-when-cross-origin, strict-origin-when-cross-origin","expect-ct":"max-age=2592000, report-uri=\"https://api.github.com/_private/browser/errors\"","content-security-policy":"default-src 'none'; base-uri 'self'; block-all-mixed-content; child-src github.com/assets-cdn/worker/ gist.github.com/assets-cdn/worker/; connect-src 'self' uploads.github.com objects-origin.githubusercontent.com www.githubstatus.com collector.github.com raw.githubusercontent.com api.github.com github-cloud.s3.amazonaws.com github-production-repository-file-5c1aeb.s3.amazonaws.com github-production-upload-manifest-file-7fdce7.s3.amazonaws.com github-production-user-asset-6210df.s3.amazonaws.com cdn.optimizely.com logx.optimizely.com/v1/events translator.github.com *.actions.githubusercontent.com wss://*.actions.githubusercontent.com online.visualstudio.com/api/v1/locations github-production-repository-image-32fea6.s3.amazonaws.com github-production-release-asset-2e65be.s3.amazonaws.com insights.github.com wss://alive.github.com; font-src github.githubassets.com; form-action 'self' github.com gist.github.com objects-origin.githubusercontent.com; frame-ancestors 'none'; frame-src render.githubusercontent.com viewscreen.githubusercontent.com notebooks.githubusercontent.com; img-src 'self' data: github.githubassets.com identicons.github.com github-cloud.s3.amazonaws.com secured-user-images.githubusercontent.com/ *.githubusercontent.com; manifest-src 'self'; media-src github.com user-images.githubusercontent.com/; script-src github.githubassets.com; style-src 'unsafe-inline' github.githubassets.com; worker-src github.com/assets-cdn/worker/ gist.github.com/assets-cdn/worker/","x-github-request-id":"D53B:638A:1478E1:4B049A:6286E94C"}
[debug] [2022-05-20T01:05:17.943Z] >>> [apiv2][query] GET https://api.github.com/user [none]
[debug] [2022-05-20T01:05:18.214Z] <<< [apiv2][status] GET https://api.github.com/user 200
[debug] [2022-05-20T01:05:18.214Z] <<< [apiv2][body] GET https://api.github.com/user {"login":"ugurpekunsal","id":32599420,"node_id":"MDQ6VXNlcjMyNTk5NDIw","avatar_url":"https://avatars.githubusercontent.com/u/32599420?v=4","gravatar_id":"","url":"https://api.github.com/users/ugurpekunsal","html_url":"https://github.com/ugurpekunsal","followers_url":"https://api.github.com/users/ugurpekunsal/followers","following_url":"https://api.github.com/users/ugurpekunsal/following{/other_user}","gists_url":"https://api.github.com/users/ugurpekunsal/gists{/gist_id}","starred_url":"https://api.github.com/users/ugurpekunsal/starred{/owner}{/repo}","subscriptions_url":"https://api.github.com/users/ugurpekunsal/subscriptions","organizations_url":"https://api.github.com/users/ugurpekunsal/orgs","repos_url":"https://api.github.com/users/ugurpekunsal/repos","events_url":"https://api.github.com/users/ugurpekunsal/events{/privacy}","received_events_url":"https://api.github.com/users/ugurpekunsal/received_events","type":"User","site_admin":false,"name":"UGUR PEKUNSAL","company":"PKNSL","blog":"www.pknsl.com","location":"Toronto","email":"ugurpekunsal@gmail.com","hireable":true,"bio":null,"twitter_username":"pknsldotcom","public_repos":15,"public_gists":0,"followers":0,"following":1,"created_at":"2017-10-07T17:26:42Z","updated_at":"2022-05-20T01:05:15Z","private_gists":0,"total_private_repos":0,"owned_private_repos":0,"disk_usage":137704,"collaborators":0,"two_factor_authentication":false,"plan":{"name":"free","space":976562499,"collaborators":0,"private_repos":10000}}
[info] 
[info] +  Success! Logged into GitHub as ugurpekunsal 
[info] 
